This is pdfTeX, Version 3.141592653-2.6-1.40.27 (TeX Live 2025/nixos.org) (preloaded format=pdflatex 1980.1.1)  23 FEB 2026 21:19
entering extended mode
 restricted \write18 enabled.
 %&-line parsing enabled.
**main.tex
(./main.tex
LaTeX2e <2025-06-01> patch level 1
L3 programming layer <2025-06-09>

(/nix/store/g6g4qsl3igp0vjpfl3h10lw7034w68pa-texlive-2025-env-texmfdist/tex/lat
ex/moderncv/moderncv.cls
Document Class: moderncv 2024-07-18 v2.4.1 modern curriculum vitae and letter d
ocument class

(/nix/store/g6g4qsl3igp0vjpfl3h10lw7034w68pa-texlive-2025-env-texmfdist/tex/lat
ex/base/size11.clo
File: size11.clo 2025/01/22 v1.4n Standard LaTeX file (size option)
)
(/nix/store/g6g4qsl3igp0vjpfl3h10lw7034w68pa-texlive-2025-env-texmfdist/tex/lat
ex/etoolbox/etoolbox.sty
Package: etoolbox 2025/02/11 v2.5l e-TeX tools for LaTeX (JAW)
\etb@tempcnta=\count275
)
(/nix/store/g6g4qsl3igp0vjpfl3h10lw7034w68pa-texlive-2025-env-texmfdist/tex/lat
ex/base/ifthen.sty
Package: ifthen 2024/03/16 v1.1e Standard LaTeX ifthen package (DPC)
)
(/nix/store/g6g4qsl3igp0vjpfl3h10lw7034w68pa-texlive-2025-env-texmfdist/tex/lat
ex/xcolor/xcolor.sty
Package: xcolor 2024/09/29 v3.02 LaTeX color extensions (UK)

(/nix/store/g6g4qsl3igp0vjpfl3h10lw7034w68pa-texlive-2025-env-texmfdist/tex/lat
ex/graphics-cfg/color.cfg
File: color.cfg 2016/01/02 v1.6 sample color configuration
)
Package xcolor Info: Driver file: pdftex.def on input line 274.

(/nix/store/g6g4qsl3igp0vjpfl3h10lw7034w68pa-texlive-2025-env-texmfdist/tex/lat
ex/graphics-def/pdftex.def
File: pdftex.def 2024/04/13 v1.2c Graphics/color driver for pdftex
)
(/nix/store/g6g4qsl3igp0vjpfl3h10lw7034w68pa-texlive-2025-env-texmfdist/tex/lat
ex/graphics/mathcolor.ltx)
Package xcolor Info: Model `cmy' substituted by `cmy0' on input line 1349.
Package xcolor Info: Model `hsb' substituted by `rgb' on input line 1353.
Package xcolor Info: Model `RGB' extended on input line 1365.
Package xcolor Info: Model `HTML' substituted by `rgb' on input line 1367.
Package xcolor Info: Model `Hsb' substituted by `hsb' on input line 1368.
Package xcolor Info: Model `tHsb' substituted by `hsb' on input line 1369.
Package xcolor Info: Model `HSB' substituted by `hsb' on input line 1370.
Package xcolor Info: Model `Gray' substituted by `gray' on input line 1371.
Package xcolor Info: Model `wave' substituted by `hsb' on input line 1372.
)
(/nix/store/g6g4qsl3igp0vjpfl3h10lw7034w68pa-texlive-2025-env-texmfdist/tex/lat
ex/colortbl/colortbl.sty
Package: colortbl 2024/10/29 v1.0k Color table columns (DPC)

(/nix/store/g6g4qsl3igp0vjpfl3h10lw7034w68pa-texlive-2025-env-texmfdist/tex/lat
ex/tools/array.sty
Package: array 2025/06/08 v2.6j Tabular extension package (FMi)
\col@sep=\dimen148
\ar@mcellbox=\box53
\extrarowheight=\dimen149
\NC@list=\toks17
\extratabsurround=\skip49
\backup@length=\skip50
\ar@cellbox=\box54
)
\everycr=\toks18
\minrowclearance=\skip51
\rownum=\count276
)
(/nix/store/g6g4qsl3igp0vjpfl3h10lw7034w68pa-texlive-2025-env-texmfdist/tex/gen
eric/iftex/iftex.sty
Package: iftex 2024/12/12 v1.0g TeX engine tests
)
(/nix/store/g6g4qsl3igp0vjpfl3h10lw7034w68pa-texlive-2025-env-texmfdist/tex/lat
ex/url/url.sty
\Urlmuskip=\muskip17
Package: url 2013/09/16  ver 3.4  Verb mode for urls, etc.
)
(/nix/store/g6g4qsl3igp0vjpfl3h10lw7034w68pa-texlive-2025-env-texmfdist/tex/lat
ex/base/fontenc.sty
Package: fontenc 2024/12/21 v2.1c Standard LaTeX package
)
(/nix/store/g6g4qsl3igp0vjpfl3h10lw7034w68pa-texlive-2025-env-texmfdist/tex/lat
ex/graphics/graphicx.sty
Package: graphicx 2024/12/31 v1.2e Enhanced LaTeX Graphics (DPC,SPQR)

(/nix/store/g6g4qsl3igp0vjpfl3h10lw7034w68pa-texlive-2025-env-texmfdist/tex/lat
ex/graphics/keyval.sty
Package: keyval 2022/05/29 v1.15 key=value parser (DPC)
\KV@toks@=\toks19
)
(/nix/store/g6g4qsl3igp0vjpfl3h10lw7034w68pa-texlive-2025-env-texmfdist/tex/lat
ex/graphics/graphics.sty
Package: graphics 2024/08/06 v1.4g Standard LaTeX Graphics (DPC,SPQR)

(/nix/store/g6g4qsl3igp0vjpfl3h10lw7034w68pa-texlive-2025-env-texmfdist/tex/lat
ex/graphics/trig.sty
Package: trig 2023/12/02 v1.11 sin cos tan (DPC)
)
(/nix/store/g6g4qsl3igp0vjpfl3h10lw7034w68pa-texlive-2025-env-texmfdist/tex/lat
ex/graphics-cfg/graphics.cfg
File: graphics.cfg 2016/06/04 v1.11 sample graphics configuration
)
Package graphics Info: Driver file: pdftex.def on input line 106.
)
\Gin@req@height=\dimen150
\Gin@req@width=\dimen151
)
(/nix/store/g6g4qsl3igp0vjpfl3h10lw7034w68pa-texlive-2025-env-texmfdist/tex/lat
ex/fancyhdr/fancyhdr.sty
Package: fancyhdr 2025/02/07 v5.2 Extensive control of page headers and footers

\f@nch@headwidth=\skip52
\f@nch@offset@elh=\skip53
\f@nch@offset@erh=\skip54
\f@nch@offset@olh=\skip55
\f@nch@offset@orh=\skip56
\f@nch@offset@elf=\skip57
\f@nch@offset@erf=\skip58
\f@nch@offset@olf=\skip59
\f@nch@offset@orf=\skip60
\f@nch@height=\skip61
\f@nch@footalignment=\skip62
\f@nch@widthL=\skip63
\f@nch@widthC=\skip64
\f@nch@widthR=\skip65
\@temptokenb=\toks20
)
(/nix/store/g6g4qsl3igp0vjpfl3h10lw7034w68pa-texlive-2025-env-texmfdist/tex/lat
ex/moderncv/tweaklist.sty)
(/nix/store/g6g4qsl3igp0vjpfl3h10lw7034w68pa-texlive-2025-env-texmfdist/tex/lat
ex/tools/calc.sty
Package: calc 2025/03/01 v4.3b Infix arithmetic (KKT,FJ)
\calc@Acount=\count277
\calc@Bcount=\count278
\calc@Adimen=\dimen152
\calc@Bdimen=\dimen153
\calc@Askip=\skip66
\calc@Bskip=\skip67
LaTeX Info: Redefining \setlength on input line 86.
LaTeX Info: Redefining \addtolength on input line 87.
\calc@Ccount=\count279
\calc@Cskip=\skip68
)
(/nix/store/g6g4qsl3igp0vjpfl3h10lw7034w68pa-texlive-2025-env-texmfdist/tex/lat
ex/l3packages/xparse/xparse.sty
(/nix/store/g6g4qsl3igp0vjpfl3h10lw7034w68pa-texlive-2025-env-texmfdist/tex/lat
ex/l3kernel/expl3.sty
Package: expl3 2025-06-09 L3 programming layer (loader) 

(/nix/store/g6g4qsl3igp0vjpfl3h10lw7034w68pa-texlive-2025-env-texmfdist/tex/lat
ex/l3backend/l3backend-pdftex.def
File: l3backend-pdftex.def 2025-06-09 L3 backend support: PDF output (pdfTeX)
\l__color_backend_stack_int=\count280
))
Package: xparse 2024-08-16 L3 Experimental document command parser
)
(/nix/store/g6g4qsl3igp0vjpfl3h10lw7034w68pa-texlive-2025-env-texmfdist/tex/lat
ex/microtype/microtype.sty
Package: microtype 2025/02/11 v3.2a Micro-typographical refinements (RS)
\MT@toks=\toks21
\MT@tempbox=\box55
\MT@count=\count281
LaTeX Info: Redefining \noprotrusionifhmode on input line 1087.
LaTeX Info: Redefining \leftprotrusion on input line 1088.
\MT@prot@toks=\toks22
LaTeX Info: Redefining \rightprotrusion on input line 1107.
LaTeX Info: Redefining \textls on input line 1449.
\MT@outer@kern=\dimen154
LaTeX Info: Redefining \microtypecontext on input line 2053.
LaTeX Info: Redefining \textmicrotypecontext on input line 2070.
\MT@listname@count=\count282

(/nix/store/g6g4qsl3igp0vjpfl3h10lw7034w68pa-texlive-2025-env-texmfdist/tex/lat
ex/microtype/microtype-pdftex.def
File: microtype-pdftex.def 2025/02/11 v3.2a Definitions specific to pdftex (RS)

LaTeX Info: Redefining \lsstyle on input line 944.
LaTeX Info: Redefining \lslig on input line 944.
\MT@outer@space=\skip69
)
Package microtype Info: Loading configuration file microtype.cfg.

(/nix/store/g6g4qsl3igp0vjpfl3h10lw7034w68pa-texlive-2025-env-texmfdist/tex/lat
ex/microtype/microtype.cfg
File: microtype.cfg 2025/02/11 v3.2a microtype main configuration file (RS)
)
LaTeX Info: Redefining \microtypesetup on input line 3065.
)
(/nix/store/g6g4qsl3igp0vjpfl3h10lw7034w68pa-texlive-2025-env-texmfdist/tex/lat
ex/moderncv/moderncvcollection.sty
Package: moderncvcollection 2024-07-18 v2.4.1 moderncv collections
\c@collection@iterator=\count283
)
(/nix/store/g6g4qsl3igp0vjpfl3h10lw7034w68pa-texlive-2025-env-texmfdist/tex/lat
ex/moderncv/moderncvcompatibility.sty
Package: moderncvcompatibility 2024-07-18 v2.4.1 modern curriculum vitae and le
tter compatibility patches
)
\c@collection@phones@count=\count284
\c@collection@socials@count=\count285
\c@cvcolumnscounter=\count286
\c@cvcolumnsautowidthcounter=\count287
\c@tmpiteratorcounter=\count288
\cvcolumnsdummywidth=\skip70
\cvcolumnswidth=\skip71
\cvcolumnsautowidth=\skip72
\cvcolumnautowidth=\skip73
\bibindent=\skip74
)
(/nix/store/g6g4qsl3igp0vjpfl3h10lw7034w68pa-texlive-2025-env-texmfdist/tex/lat
ex/moderncv/moderncvstyleclassic.sty
Package: moderncvstyleclassic 2024-07-18 v2.4.1 modern curriculum vitae and let
ter style scheme: classic

(/nix/store/g6g4qsl3igp0vjpfl3h10lw7034w68pa-texlive-2025-env-texmfdist/tex/lat
ex/moderncv/moderncviconssymbols.sty
Package: moderncviconssymbols 2021-12-12 v2.2.0 modern curriculum vitae icons s
elector


moderncv: academicons requires XeTeX/LuaTeX to work. Using alternatives.


(/nix/store/g6g4qsl3igp0vjpfl3h10lw7034w68pa-texlive-2025-env-texmfdist/tex/lat
ex/moderncv/moderncviconsawesome.sty
Package: moderncviconsawesome 2024-07-18 v2.4.1 modern curriculum vitae icons: 
awesome

(/nix/store/g6g4qsl3igp0vjpfl3h10lw7034w68pa-texlive-2025-env-texmfdist/tex/lat
ex/fontawesome5/fontawesome5.sty
Package: fontawesome5 2022/05/02 v5.15.4 Font Awesome 5

(/nix/store/g6g4qsl3igp0vjpfl3h10lw7034w68pa-texlive-2025-env-texmfdist/tex/lat
ex/l3packages/l3keys2e/l3keys2e.sty
Package: l3keys2e 2024-08-16 LaTeX2e option processing using LaTeX3 keys
)
(/nix/store/g6g4qsl3igp0vjpfl3h10lw7034w68pa-texlive-2025-env-texmfdist/tex/lat
ex/fontawesome5/fontawesome5-generic-helper.sty
Package: fontawesome5-generic-helper 2022/05/02 v5.15.4 non-uTeX helper for fon
tawesome5

(/nix/store/g6g4qsl3igp0vjpfl3h10lw7034w68pa-texlive-2025-env-texmfdist/tex/lat
ex/fontawesome5/fontawesome5-mapping.def)))
(/nix/store/g6g4qsl3igp0vjpfl3h10lw7034w68pa-texlive-2025-env-texmfdist/tex/lat
ex/moderncv/moderncvcolors.tex))
(/nix/store/g6g4qsl3igp0vjpfl3h10lw7034w68pa-texlive-2025-env-texmfdist/tex/lat
ex/moderncv/moderncviconstikz.sty
Package: moderncviconstikz 2024-07-18 v2.4.1 modern curriculum vitae and letter
 icons: tickz

(/nix/store/g6g4qsl3igp0vjpfl3h10lw7034w68pa-texlive-2025-env-texmfdist/tex/lat
ex/pgf/frontendlayer/tikz.sty
(/nix/store/g6g4qsl3igp0vjpfl3h10lw7034w68pa-texlive-2025-env-texmfdist/tex/lat
ex/pgf/basiclayer/pgf.sty
(/nix/store/g6g4qsl3igp0vjpfl3h10lw7034w68pa-texlive-2025-env-texmfdist/tex/lat
ex/pgf/utilities/pgfrcs.sty
(/nix/store/g6g4qsl3igp0vjpfl3h10lw7034w68pa-texlive-2025-env-texmfdist/tex/gen
eric/pgf/utilities/pgfutil-common.tex
\pgfutil@everybye=\toks23
\pgfutil@tempdima=\dimen155
\pgfutil@tempdimb=\dimen156
)
(/nix/store/g6g4qsl3igp0vjpfl3h10lw7034w68pa-texlive-2025-env-texmfdist/tex/gen
eric/pgf/utilities/pgfutil-latex.def
\pgfutil@abb=\box56
)
(/nix/store/g6g4qsl3igp0vjpfl3h10lw7034w68pa-texlive-2025-env-texmfdist/tex/gen
eric/pgf/utilities/pgfrcs.code.tex
(/nix/store/g6g4qsl3igp0vjpfl3h10lw7034w68pa-texlive-2025-env-texmfdist/tex/gen
eric/pgf/pgf.revision.tex)
Package: pgfrcs 2023-01-15 v3.1.10 (3.1.10)
))
Package: pgf 2023-01-15 v3.1.10 (3.1.10)

(/nix/store/g6g4qsl3igp0vjpfl3h10lw7034w68pa-texlive-2025-env-texmfdist/tex/lat
ex/pgf/basiclayer/pgfcore.sty
(/nix/store/g6g4qsl3igp0vjpfl3h10lw7034w68pa-texlive-2025-env-texmfdist/tex/lat
ex/pgf/systemlayer/pgfsys.sty
(/nix/store/g6g4qsl3igp0vjpfl3h10lw7034w68pa-texlive-2025-env-texmfdist/tex/gen
eric/pgf/systemlayer/pgfsys.code.tex
Package: pgfsys 2023-01-15 v3.1.10 (3.1.10)

(/nix/store/g6g4qsl3igp0vjpfl3h10lw7034w68pa-texlive-2025-env-texmfdist/tex/gen
eric/pgf/utilities/pgfkeys.code.tex
\pgfkeys@pathtoks=\toks24
\pgfkeys@temptoks=\toks25

(/nix/store/g6g4qsl3igp0vjpfl3h10lw7034w68pa-texlive-2025-env-texmfdist/tex/gen
eric/pgf/utilities/pgfkeyslibraryfiltered.code.tex
\pgfkeys@tmptoks=\toks26
))
\pgf@x=\dimen157
\pgf@y=\dimen158
\pgf@xa=\dimen159
\pgf@ya=\dimen160
\pgf@xb=\dimen161
\pgf@yb=\dimen162
\pgf@xc=\dimen163
\pgf@yc=\dimen164
\pgf@xd=\dimen165
\pgf@yd=\dimen166
\w@pgf@writea=\write3
\r@pgf@reada=\read2
\c@pgf@counta=\count289
\c@pgf@countb=\count290
\c@pgf@countc=\count291
\c@pgf@countd=\count292
\t@pgf@toka=\toks27
\t@pgf@tokb=\toks28
\t@pgf@tokc=\toks29
\pgf@sys@id@count=\count293

(/nix/store/g6g4qsl3igp0vjpfl3h10lw7034w68pa-texlive-2025-env-texmfdist/tex/gen
eric/pgf/systemlayer/pgf.cfg
File: pgf.cfg 2023-01-15 v3.1.10 (3.1.10)
)
Driver file for pgf: pgfsys-pdftex.def

(/nix/store/g6g4qsl3igp0vjpfl3h10lw7034w68pa-texlive-2025-env-texmfdist/tex/gen
eric/pgf/systemlayer/pgfsys-pdftex.def
File: pgfsys-pdftex.def 2023-01-15 v3.1.10 (3.1.10)

(/nix/store/g6g4qsl3igp0vjpfl3h10lw7034w68pa-texlive-2025-env-texmfdist/tex/gen
eric/pgf/systemlayer/pgfsys-common-pdf.def
File: pgfsys-common-pdf.def 2023-01-15 v3.1.10 (3.1.10)
)))
(/nix/store/g6g4qsl3igp0vjpfl3h10lw7034w68pa-texlive-2025-env-texmfdist/tex/gen
eric/pgf/systemlayer/pgfsyssoftpath.code.tex
File: pgfsyssoftpath.code.tex 2023-01-15 v3.1.10 (3.1.10)
\pgfsyssoftpath@smallbuffer@items=\count294
\pgfsyssoftpath@bigbuffer@items=\count295
)
(/nix/store/g6g4qsl3igp0vjpfl3h10lw7034w68pa-texlive-2025-env-texmfdist/tex/gen
eric/pgf/systemlayer/pgfsysprotocol.code.tex
File: pgfsysprotocol.code.tex 2023-01-15 v3.1.10 (3.1.10)
))
(/nix/store/g6g4qsl3igp0vjpfl3h10lw7034w68pa-texlive-2025-env-texmfdist/tex/gen
eric/pgf/basiclayer/pgfcore.code.tex
Package: pgfcore 2023-01-15 v3.1.10 (3.1.10)

(/nix/store/g6g4qsl3igp0vjpfl3h10lw7034w68pa-texlive-2025-env-texmfdist/tex/gen
eric/pgf/math/pgfmath.code.tex
(/nix/store/g6g4qsl3igp0vjpfl3h10lw7034w68pa-texlive-2025-env-texmfdist/tex/gen
eric/pgf/math/pgfmathutil.code.tex)
(/nix/store/g6g4qsl3igp0vjpfl3h10lw7034w68pa-texlive-2025-env-texmfdist/tex/gen
eric/pgf/math/pgfmathparser.code.tex
\pgfmath@dimen=\dimen167
\pgfmath@count=\count296
\pgfmath@box=\box57
\pgfmath@toks=\toks30
\pgfmath@stack@operand=\toks31
\pgfmath@stack@operation=\toks32
)
(/nix/store/g6g4qsl3igp0vjpfl3h10lw7034w68pa-texlive-2025-env-texmfdist/tex/gen
eric/pgf/math/pgfmathfunctions.code.tex)
(/nix/store/g6g4qsl3igp0vjpfl3h10lw7034w68pa-texlive-2025-env-texmfdist/tex/gen
eric/pgf/math/pgfmathfunctions.basic.code.tex)
(/nix/store/g6g4qsl3igp0vjpfl3h10lw7034w68pa-texlive-2025-env-texmfdist/tex/gen
eric/pgf/math/pgfmathfunctions.trigonometric.code.tex)
(/nix/store/g6g4qsl3igp0vjpfl3h10lw7034w68pa-texlive-2025-env-texmfdist/tex/gen
eric/pgf/math/pgfmathfunctions.random.code.tex)
(/nix/store/g6g4qsl3igp0vjpfl3h10lw7034w68pa-texlive-2025-env-texmfdist/tex/gen
eric/pgf/math/pgfmathfunctions.comparison.code.tex)
(/nix/store/g6g4qsl3igp0vjpfl3h10lw7034w68pa-texlive-2025-env-texmfdist/tex/gen
eric/pgf/math/pgfmathfunctions.base.code.tex)
(/nix/store/g6g4qsl3igp0vjpfl3h10lw7034w68pa-texlive-2025-env-texmfdist/tex/gen
eric/pgf/math/pgfmathfunctions.round.code.tex)
(/nix/store/g6g4qsl3igp0vjpfl3h10lw7034w68pa-texlive-2025-env-texmfdist/tex/gen
eric/pgf/math/pgfmathfunctions.misc.code.tex)
(/nix/store/g6g4qsl3igp0vjpfl3h10lw7034w68pa-texlive-2025-env-texmfdist/tex/gen
eric/pgf/math/pgfmathfunctions.integerarithmetics.code.tex)
(/nix/store/g6g4qsl3igp0vjpfl3h10lw7034w68pa-texlive-2025-env-texmfdist/tex/gen
eric/pgf/math/pgfmathcalc.code.tex)
(/nix/store/g6g4qsl3igp0vjpfl3h10lw7034w68pa-texlive-2025-env-texmfdist/tex/gen
eric/pgf/math/pgfmathfloat.code.tex
\c@pgfmathroundto@lastzeros=\count297
))
(/nix/store/g6g4qsl3igp0vjpfl3h10lw7034w68pa-texlive-2025-env-texmfdist/tex/gen
eric/pgf/math/pgfint.code.tex)
(/nix/store/g6g4qsl3igp0vjpfl3h10lw7034w68pa-texlive-2025-env-texmfdist/tex/gen
eric/pgf/basiclayer/pgfcorepoints.code.tex
File: pgfcorepoints.code.tex 2023-01-15 v3.1.10 (3.1.10)
\pgf@picminx=\dimen168
\pgf@picmaxx=\dimen169
\pgf@picminy=\dimen170
\pgf@picmaxy=\dimen171
\pgf@pathminx=\dimen172
\pgf@pathmaxx=\dimen173
\pgf@pathminy=\dimen174
\pgf@pathmaxy=\dimen175
\pgf@xx=\dimen176
\pgf@xy=\dimen177
\pgf@yx=\dimen178
\pgf@yy=\dimen179
\pgf@zx=\dimen180
\pgf@zy=\dimen181
)
(/nix/store/g6g4qsl3igp0vjpfl3h10lw7034w68pa-texlive-2025-env-texmfdist/tex/gen
eric/pgf/basiclayer/pgfcorepathconstruct.code.tex
File: pgfcorepathconstruct.code.tex 2023-01-15 v3.1.10 (3.1.10)
\pgf@path@lastx=\dimen182
\pgf@path@lasty=\dimen183
)
(/nix/store/g6g4qsl3igp0vjpfl3h10lw7034w68pa-texlive-2025-env-texmfdist/tex/gen
eric/pgf/basiclayer/pgfcorepathusage.code.tex
File: pgfcorepathusage.code.tex 2023-01-15 v3.1.10 (3.1.10)
\pgf@shorten@end@additional=\dimen184
\pgf@shorten@start@additional=\dimen185
)
(/nix/store/g6g4qsl3igp0vjpfl3h10lw7034w68pa-texlive-2025-env-texmfdist/tex/gen
eric/pgf/basiclayer/pgfcorescopes.code.tex
File: pgfcorescopes.code.tex 2023-01-15 v3.1.10 (3.1.10)
\pgfpic=\box58
\pgf@hbox=\box59
\pgf@layerbox@main=\box60
\pgf@picture@serial@count=\count298
)
(/nix/store/g6g4qsl3igp0vjpfl3h10lw7034w68pa-texlive-2025-env-texmfdist/tex/gen
eric/pgf/basiclayer/pgfcoregraphicstate.code.tex
File: pgfcoregraphicstate.code.tex 2023-01-15 v3.1.10 (3.1.10)
\pgflinewidth=\dimen186
)
(/nix/store/g6g4qsl3igp0vjpfl3h10lw7034w68pa-texlive-2025-env-texmfdist/tex/gen
eric/pgf/basiclayer/pgfcoretransformations.code.tex
File: pgfcoretransformations.code.tex 2023-01-15 v3.1.10 (3.1.10)
\pgf@pt@x=\dimen187
\pgf@pt@y=\dimen188
\pgf@pt@temp=\dimen189
)
(/nix/store/g6g4qsl3igp0vjpfl3h10lw7034w68pa-texlive-2025-env-texmfdist/tex/gen
eric/pgf/basiclayer/pgfcorequick.code.tex
File: pgfcorequick.code.tex 2023-01-15 v3.1.10 (3.1.10)
)
(/nix/store/g6g4qsl3igp0vjpfl3h10lw7034w68pa-texlive-2025-env-texmfdist/tex/gen
eric/pgf/basiclayer/pgfcoreobjects.code.tex
File: pgfcoreobjects.code.tex 2023-01-15 v3.1.10 (3.1.10)
)
(/nix/store/g6g4qsl3igp0vjpfl3h10lw7034w68pa-texlive-2025-env-texmfdist/tex/gen
eric/pgf/basiclayer/pgfcorepathprocessing.code.tex
File: pgfcorepathprocessing.code.tex 2023-01-15 v3.1.10 (3.1.10)
)
(/nix/store/g6g4qsl3igp0vjpfl3h10lw7034w68pa-texlive-2025-env-texmfdist/tex/gen
eric/pgf/basiclayer/pgfcorearrows.code.tex
File: pgfcorearrows.code.tex 2023-01-15 v3.1.10 (3.1.10)
\pgfarrowsep=\dimen190
)
(/nix/store/g6g4qsl3igp0vjpfl3h10lw7034w68pa-texlive-2025-env-texmfdist/tex/gen
eric/pgf/basiclayer/pgfcoreshade.code.tex
File: pgfcoreshade.code.tex 2023-01-15 v3.1.10 (3.1.10)
\pgf@max=\dimen191
\pgf@sys@shading@range@num=\count299
\pgf@shadingcount=\count300
)
(/nix/store/g6g4qsl3igp0vjpfl3h10lw7034w68pa-texlive-2025-env-texmfdist/tex/gen
eric/pgf/basiclayer/pgfcoreimage.code.tex
File: pgfcoreimage.code.tex 2023-01-15 v3.1.10 (3.1.10)
)
(/nix/store/g6g4qsl3igp0vjpfl3h10lw7034w68pa-texlive-2025-env-texmfdist/tex/gen
eric/pgf/basiclayer/pgfcoreexternal.code.tex
File: pgfcoreexternal.code.tex 2023-01-15 v3.1.10 (3.1.10)
\pgfexternal@startupbox=\box61
)
(/nix/store/g6g4qsl3igp0vjpfl3h10lw7034w68pa-texlive-2025-env-texmfdist/tex/gen
eric/pgf/basiclayer/pgfcorelayers.code.tex
File: pgfcorelayers.code.tex 2023-01-15 v3.1.10 (3.1.10)
)
(/nix/store/g6g4qsl3igp0vjpfl3h10lw7034w68pa-texlive-2025-env-texmfdist/tex/gen
eric/pgf/basiclayer/pgfcoretransparency.code.tex
File: pgfcoretransparency.code.tex 2023-01-15 v3.1.10 (3.1.10)
)
(/nix/store/g6g4qsl3igp0vjpfl3h10lw7034w68pa-texlive-2025-env-texmfdist/tex/gen
eric/pgf/basiclayer/pgfcorepatterns.code.tex
File: pgfcorepatterns.code.tex 2023-01-15 v3.1.10 (3.1.10)
)
(/nix/store/g6g4qsl3igp0vjpfl3h10lw7034w68pa-texlive-2025-env-texmfdist/tex/gen
eric/pgf/basiclayer/pgfcorerdf.code.tex
File: pgfcorerdf.code.tex 2023-01-15 v3.1.10 (3.1.10)
)))
(/nix/store/g6g4qsl3igp0vjpfl3h10lw7034w68pa-texlive-2025-env-texmfdist/tex/gen
eric/pgf/modules/pgfmoduleshapes.code.tex
File: pgfmoduleshapes.code.tex 2023-01-15 v3.1.10 (3.1.10)
\pgfnodeparttextbox=\box62
)
(/nix/store/g6g4qsl3igp0vjpfl3h10lw7034w68pa-texlive-2025-env-texmfdist/tex/gen
eric/pgf/modules/pgfmoduleplot.code.tex
File: pgfmoduleplot.code.tex 2023-01-15 v3.1.10 (3.1.10)
)
(/nix/store/g6g4qsl3igp0vjpfl3h10lw7034w68pa-texlive-2025-env-texmfdist/tex/lat
ex/pgf/compatibility/pgfcomp-version-0-65.sty
Package: pgfcomp-version-0-65 2023-01-15 v3.1.10 (3.1.10)
\pgf@nodesepstart=\dimen192
\pgf@nodesepend=\dimen193
)
(/nix/store/g6g4qsl3igp0vjpfl3h10lw7034w68pa-texlive-2025-env-texmfdist/tex/lat
ex/pgf/compatibility/pgfcomp-version-1-18.sty
Package: pgfcomp-version-1-18 2023-01-15 v3.1.10 (3.1.10)
))
(/nix/store/g6g4qsl3igp0vjpfl3h10lw7034w68pa-texlive-2025-env-texmfdist/tex/lat
ex/pgf/utilities/pgffor.sty
(/nix/store/g6g4qsl3igp0vjpfl3h10lw7034w68pa-texlive-2025-env-texmfdist/tex/lat
ex/pgf/utilities/pgfkeys.sty
(/nix/store/g6g4qsl3igp0vjpfl3h10lw7034w68pa-texlive-2025-env-texmfdist/tex/gen
eric/pgf/utilities/pgfkeys.code.tex))
(/nix/store/g6g4qsl3igp0vjpfl3h10lw7034w68pa-texlive-2025-env-texmfdist/tex/lat
ex/pgf/math/pgfmath.sty
(/nix/store/g6g4qsl3igp0vjpfl3h10lw7034w68pa-texlive-2025-env-texmfdist/tex/gen
eric/pgf/math/pgfmath.code.tex))
(/nix/store/g6g4qsl3igp0vjpfl3h10lw7034w68pa-texlive-2025-env-texmfdist/tex/gen
eric/pgf/utilities/pgffor.code.tex
Package: pgffor 2023-01-15 v3.1.10 (3.1.10)
\pgffor@iter=\dimen194
\pgffor@skip=\dimen195
\pgffor@stack=\toks33
\pgffor@toks=\toks34
))
(/nix/store/g6g4qsl3igp0vjpfl3h10lw7034w68pa-texlive-2025-env-texmfdist/tex/gen
eric/pgf/frontendlayer/tikz/tikz.code.tex
Package: tikz 2023-01-15 v3.1.10 (3.1.10)

(/nix/store/g6g4qsl3igp0vjpfl3h10lw7034w68pa-texlive-2025-env-texmfdist/tex/gen
eric/pgf/libraries/pgflibraryplothandlers.code.tex
File: pgflibraryplothandlers.code.tex 2023-01-15 v3.1.10 (3.1.10)
\pgf@plot@mark@count=\count301
\pgfplotmarksize=\dimen196
)
\tikz@lastx=\dimen197
\tikz@lasty=\dimen198
\tikz@lastxsaved=\dimen199
\tikz@lastysaved=\dimen256
\tikz@lastmovetox=\dimen257
\tikz@lastmovetoy=\dimen258
\tikzleveldistance=\dimen259
\tikzsiblingdistance=\dimen260
\tikz@figbox=\box63
\tikz@figbox@bg=\box64
\tikz@tempbox=\box65
\tikz@tempbox@bg=\box66
\tikztreelevel=\count302
\tikznumberofchildren=\count303
\tikznumberofcurrentchild=\count304
\tikz@fig@count=\count305

(/nix/store/g6g4qsl3igp0vjpfl3h10lw7034w68pa-texlive-2025-env-texmfdist/tex/gen
eric/pgf/modules/pgfmodulematrix.code.tex
File: pgfmodulematrix.code.tex 2023-01-15 v3.1.10 (3.1.10)
\pgfmatrixcurrentrow=\count306
\pgfmatrixcurrentcolumn=\count307
\pgf@matrix@numberofcolumns=\count308
)
\tikz@expandcount=\count309

(/nix/store/g6g4qsl3igp0vjpfl3h10lw7034w68pa-texlive-2025-env-texmfdist/tex/gen
eric/pgf/frontendlayer/tikz/libraries/tikzlibrarytopaths.code.tex
File: tikzlibrarytopaths.code.tex 2023-01-15 v3.1.10 (3.1.10)
)))))
(/nix/store/g6g4qsl3igp0vjpfl3h10lw7034w68pa-texlive-2025-env-texmfdist/tex/lat
ex/moderncv/moderncvheadi.sty
Package: moderncvheadi 2024-07-18 v2.4.1 modern curriculum vitae and letter hea
der variant: 1
\quotewidth=\skip75
\makecvheadnamewidth=\skip76
)
(/nix/store/g6g4qsl3igp0vjpfl3h10lw7034w68pa-texlive-2025-env-texmfdist/tex/lat
ex/moderncv/moderncvbodyi.sty
Package: moderncvbodyi 2024-07-18 v2.4.1 modern curriculum vitae and letter bod
y variant: 1

(/nix/store/g6g4qsl3igp0vjpfl3h10lw7034w68pa-texlive-2025-env-texmfdist/tex/lat
ex/moderncv/moderncvskillmatrix.sty
Package: moderncvskillmatrix 2024-07-18 v2.4.1 modern curriculum vitae and lett
er skill matrix

(/nix/store/g6g4qsl3igp0vjpfl3h10lw7034w68pa-texlive-2025-env-texmfdist/tex/lat
ex/multirow/multirow.sty
Package: multirow 2024/11/12 v2.9 Span multiple rows of a table
\multirow@colwidth=\skip77
\multirow@cntb=\count310
\multirow@dima=\skip78
\bigstrutjot=\dimen261
)
(/nix/store/g6g4qsl3igp0vjpfl3h10lw7034w68pa-texlive-2025-env-texmfdist/tex/lat
ex/arydshln/arydshln.sty
Package: arydshln 2019/02/21 v1.76 
\dashlinedash=\dimen262
\dashlinegap=\dimen263
\adl@box=\box67
\adl@height=\dimen264
\adl@heightsave=\dimen265
\adl@depth=\dimen266
\adl@depthsave=\dimen267
\adl@finaldepth=\dimen268
\adl@columns=\count311
\adl@ncol=\count312
\adl@currentcolumn=\count313
\adl@currentcolumnsave=\count314
\adl@totalheight=\count315
\adl@totalheightsave=\count316
\adl@dash=\count317
\adl@gap=\count318
\adl@cla=\count319
\adl@clb=\count320
\adl@everyvbox=\toks35
\adl@LTpagetotal=\dimen269
)
==> First Aid for arydshln.sty applied!
\cvSkill@ShapeSize=\skip79
\my@repeat@count=\count321
\cvskill@width=\skip80
\cvskill@descriptorwidth=\skip81
\cvskill@experiencewidth=\skip82
\skillmatrix@columnwidth=\skip83
\skillmatrix@commentwidth=\skip84
\skillmatrix@padding=\skip85
\skillmatrix@hintscolumnwidth=\skip86
\skillmatrix@bodylength=\skip87
\cvskilllegend@leftdescriptorwidth=\skip88
\cvskilllegend@rightdescriptorwidth=\skip89
\skilllegend@hintscolumnwidth=\skip90
\skilllegend@padding=\skip91
\skilllegend@bodylength=\skip92
\separatorrulewidth=\skip93
)
\hintscolumnwidth=\skip94
\separatorcolumnwidth=\skip95
\maincolumnwidth=\skip96
\doubleitemcolumnwidth=\skip97
\tripleitemcolumnwidth=\skip98
\listitemsymbolwidth=\skip99
LaTeX Font Info:    Trying to load font information for U+fontawesomefree0 on i
nput line 50.

(/nix/store/g6g4qsl3igp0vjpfl3h10lw7034w68pa-texlive-2025-env-texmfdist/tex/lat
ex/fontawesome5/ufontawesomefree0.fd)
\listitemcolumnwidth=\skip100
\listdoubleitemcolumnwidth=\skip101
\listitemsymbolspace=\skip102
\baseletterheight=\skip103
\cvitemwithcommentbox=\box68
\cvitemwithcommentskilllength=\skip104
\cvitemwithcommentcommentlength=\skip105
))
(/nix/store/g6g4qsl3igp0vjpfl3h10lw7034w68pa-texlive-2025-env-texmfdist/tex/lat
ex/moderncv/moderncvcolorblue.sty
Package: moderncvcolorblue 2024-07-18 v2.4.1 modern curriculum vitae and letter
 color scheme: blue

(/nix/store/g6g4qsl3igp0vjpfl3h10lw7034w68pa-texlive-2025-env-texmfdist/tex/lat
ex/moderncv/moderncvcolors.tex))
(/nix/store/g6g4qsl3igp0vjpfl3h10lw7034w68pa-texlive-2025-env-texmfdist/tex/lat
ex/base/inputenc.sty
Package: inputenc 2024/02/08 v1.3d Input encoding file
\inpenc@prehook=\toks36
\inpenc@posthook=\toks37
)
(/nix/store/g6g4qsl3igp0vjpfl3h10lw7034w68pa-texlive-2025-env-texmfdist/tex/lat
ex/geometry/geometry.sty
Package: geometry 2020/01/02 v5.9 Page Geometry

(/nix/store/g6g4qsl3igp0vjpfl3h10lw7034w68pa-texlive-2025-env-texmfdist/tex/gen
eric/iftex/ifvtex.sty
Package: ifvtex 2019/10/25 v1.7 ifvtex legacy package. Use iftex instead.
)
\Gm@cnth=\count322
\Gm@cntv=\count323
\c@Gm@tempcnt=\count324
\Gm@bindingoffset=\dimen270
\Gm@wd@mp=\dimen271
\Gm@odd@mp=\dimen272
\Gm@even@mp=\dimen273
\Gm@layoutwidth=\dimen274
\Gm@layoutheight=\dimen275
\Gm@layouthoffset=\dimen276
\Gm@layoutvoffset=\dimen277
\Gm@dimlist=\toks38
)
(/nix/store/g6g4qsl3igp0vjpfl3h10lw7034w68pa-texlive-2025-env-texmfdist/tex/lat
ex/multibib/multibib.sty
Package: multibib 2008/12/10 v1.4 Multiple bibliographies for one document.
\mb@biblabelwidth=\count325
)
\@auxoutpres=\write4
 (./pres.aux)
\openout4 = `pres.aux'.

\@auxoutpub=\write5
 (./pub.aux)
\openout5 = `pub.aux'.


(/nix/store/g6g4qsl3igp0vjpfl3h10lw7034w68pa-texlive-2025-env-texmfdist/tex/lat
ex/hyperref/hyperref.sty
Package: hyperref 2025-06-21 v7.01n Hypertext links for LaTeX

(/nix/store/g6g4qsl3igp0vjpfl3h10lw7034w68pa-texlive-2025-env-texmfdist/tex/lat
ex/kvsetkeys/kvsetkeys.sty
Package: kvsetkeys 2022-10-05 v1.19 Key value parser (HO)
)
(/nix/store/g6g4qsl3igp0vjpfl3h10lw7034w68pa-texlive-2025-env-texmfdist/tex/gen
eric/kvdefinekeys/kvdefinekeys.sty
Package: kvdefinekeys 2019-12-19 v1.6 Define keys (HO)
)
(/nix/store/g6g4qsl3igp0vjpfl3h10lw7034w68pa-texlive-2025-env-texmfdist/tex/gen
eric/pdfescape/pdfescape.sty
Package: pdfescape 2019/12/09 v1.15 Implements pdfTeX's escape features (HO)

(/nix/store/g6g4qsl3igp0vjpfl3h10lw7034w68pa-texlive-2025-env-texmfdist/tex/gen
eric/ltxcmds/ltxcmds.sty
Package: ltxcmds 2023-12-04 v1.26 LaTeX kernel commands for general use (HO)
)
(/nix/store/g6g4qsl3igp0vjpfl3h10lw7034w68pa-texlive-2025-env-texmfdist/tex/gen
eric/pdftexcmds/pdftexcmds.sty
Package: pdftexcmds 2020-06-27 v0.33 Utility functions of pdfTeX for LuaTeX (HO
)

(/nix/store/g6g4qsl3igp0vjpfl3h10lw7034w68pa-texlive-2025-env-texmfdist/tex/gen
eric/infwarerr/infwarerr.sty
Package: infwarerr 2019/12/03 v1.5 Providing info/warning/error messages (HO)
)
Package pdftexcmds Info: \pdf@primitive is available.
Package pdftexcmds Info: \pdf@ifprimitive is available.
Package pdftexcmds Info: \pdfdraftmode found.
))
(/nix/store/g6g4qsl3igp0vjpfl3h10lw7034w68pa-texlive-2025-env-texmfdist/tex/lat
ex/hycolor/hycolor.sty
Package: hycolor 2020-01-27 v1.10 Color options for hyperref/bookmark (HO)
)
(/nix/store/g6g4qsl3igp0vjpfl3h10lw7034w68pa-texlive-2025-env-texmfdist/tex/lat
ex/hyperref/nameref.sty
Package: nameref 2025-06-21 v2.57 Cross-referencing by name of section

(/nix/store/g6g4qsl3igp0vjpfl3h10lw7034w68pa-texlive-2025-env-texmfdist/tex/lat
ex/refcount/refcount.sty
Package: refcount 2019/12/15 v3.6 Data extraction from label references (HO)
)
(/nix/store/g6g4qsl3igp0vjpfl3h10lw7034w68pa-texlive-2025-env-texmfdist/tex/gen
eric/gettitlestring/gettitlestring.sty
Package: gettitlestring 2019/12/15 v1.6 Cleanup title references (HO)

(/nix/store/g6g4qsl3igp0vjpfl3h10lw7034w68pa-texlive-2025-env-texmfdist/tex/lat
ex/kvoptions/kvoptions.sty
Package: kvoptions 2022-06-15 v3.15 Key value format for package options (HO)
))
\c@section@level=\count326
)
(/nix/store/g6g4qsl3igp0vjpfl3h10lw7034w68pa-texlive-2025-env-texmfdist/tex/gen
eric/stringenc/stringenc.sty
Package: stringenc 2019/11/29 v1.12 Convert strings between diff. encodings (HO
)
)
\@linkdim=\dimen278
\Hy@linkcounter=\count327
\Hy@pagecounter=\count328

(/nix/store/g6g4qsl3igp0vjpfl3h10lw7034w68pa-texlive-2025-env-texmfdist/tex/lat
ex/hyperref/pd1enc.def
File: pd1enc.def 2025-06-21 v7.01n Hyperref: PDFDocEncoding definition (HO)
Now handling font encoding PD1 ...
... no UTF-8 mapping file for font encoding PD1
)
(/nix/store/g6g4qsl3igp0vjpfl3h10lw7034w68pa-texlive-2025-env-texmfdist/tex/gen
eric/intcalc/intcalc.sty
Package: intcalc 2019/12/15 v1.3 Expandable calculations with integers (HO)
)
\Hy@SavedSpaceFactor=\count329

(/nix/store/g6g4qsl3igp0vjpfl3h10lw7034w68pa-texlive-2025-env-texmfdist/tex/lat
ex/hyperref/puenc.def
File: puenc.def 2025-06-21 v7.01n Hyperref: PDF Unicode definition (HO)
Now handling font encoding PU ...
... no UTF-8 mapping file for font encoding PU
)
Package hyperref Info: Option `unicode' set `true' on input line 4052.
Package hyperref Info: Hyper figures OFF on input line 4181.
Package hyperref Info: Link nesting OFF on input line 4186.
Package hyperref Info: Hyper index ON on input line 4189.
Package hyperref Info: Plain pages OFF on input line 4196.
Package hyperref Info: Backreferencing OFF on input line 4201.
Package hyperref Info: Implicit mode ON; LaTeX internals redefined.
Package hyperref Info: Bookmarks ON on input line 4448.
\c@Hy@tempcnt=\count330
LaTeX Info: Redefining \url on input line 4787.
\XeTeXLinkMargin=\dimen279

(/nix/store/g6g4qsl3igp0vjpfl3h10lw7034w68pa-texlive-2025-env-texmfdist/tex/gen
eric/bitset/bitset.sty
Package: bitset 2019/12/09 v1.3 Handle bit-vector datatype (HO)

(/nix/store/g6g4qsl3igp0vjpfl3h10lw7034w68pa-texlive-2025-env-texmfdist/tex/gen
eric/bigintcalc/bigintcalc.sty
Package: bigintcalc 2019/12/15 v1.5 Expandable calculations on big integers (HO
)
))
\Fld@menulength=\count331
\Field@Width=\dimen280
\Fld@charsize=\dimen281
Package hyperref Info: Hyper figures OFF on input line 6066.
Package hyperref Info: Link nesting OFF on input line 6071.
Package hyperref Info: Hyper index ON on input line 6074.
Package hyperref Info: backreferencing OFF on input line 6081.
Package hyperref Info: Link coloring OFF on input line 6086.
Package hyperref Info: Link coloring with OCG OFF on input line 6091.
Package hyperref Info: PDF/A mode OFF on input line 6096.
\Hy@abspage=\count332
\c@Item=\count333
\c@Hfootnote=\count334
)
Package hyperref Info: Driver (autodetected): hpdftex.

(/nix/store/g6g4qsl3igp0vjpfl3h10lw7034w68pa-texlive-2025-env-texmfdist/tex/lat
ex/hyperref/hpdftex.def
File: hpdftex.def 2025-06-21 v7.01n Hyperref driver for pdfTeX
\Fld@listcount=\count335
\c@bookmark@seq@number=\count336

(/nix/store/g6g4qsl3igp0vjpfl3h10lw7034w68pa-texlive-2025-env-texmfdist/tex/lat
ex/rerunfilecheck/rerunfilecheck.sty
Package: rerunfilecheck 2025-06-21 v1.11 Rerun checks for auxiliary files (HO)

(/nix/store/g6g4qsl3igp0vjpfl3h10lw7034w68pa-texlive-2025-env-texmfdist/tex/gen
eric/uniquecounter/uniquecounter.sty
Package: uniquecounter 2019/12/15 v1.4 Provide unlimited unique counter (HO)
)
Package uniquecounter Info: New unique counter `rerunfilecheck' on input line 2
84.
)
\Hy@SectionHShift=\skip106
)
Package hyperref Info: Option `breaklinks' set `true' on input line 20.
Package hyperref Info: Option `bookmarksopen' set `true' on input line 20.
 (./main.aux)
\openout1 = `main.aux'.

LaTeX Font Info:    Checking defaults for OML/cmm/m/it on input line 20.
LaTeX Font Info:    ... okay on input line 20.
LaTeX Font Info:    Checking defaults for OMS/cmsy/m/n on input line 20.
LaTeX Font Info:    ... okay on input line 20.
LaTeX Font Info:    Checking defaults for OT1/cmr/m/n on input line 20.
LaTeX Font Info:    ... okay on input line 20.
LaTeX Font Info:    Checking defaults for T1/cmr/m/n on input line 20.
LaTeX Font Info:    ... okay on input line 20.
LaTeX Font Info:    Checking defaults for TS1/cmr/m/n on input line 20.
LaTeX Font Info:    ... okay on input line 20.
LaTeX Font Info:    Checking defaults for OMX/cmex/m/n on input line 20.
LaTeX Font Info:    ... okay on input line 20.
LaTeX Font Info:    Checking defaults for U/cmr/m/n on input line 20.
LaTeX Font Info:    ... okay on input line 20.
LaTeX Font Info:    Checking defaults for PD1/pdf/m/n on input line 20.
LaTeX Font Info:    ... okay on input line 20.
LaTeX Font Info:    Checking defaults for PU/pdf/m/n on input line 20.
LaTeX Font Info:    ... okay on input line 20.

(/nix/store/g6g4qsl3igp0vjpfl3h10lw7034w68pa-texlive-2025-env-texmfdist/tex/con
text/base/mkii/supp-pdf.mkii
[Loading MPS to PDF converter (version 2006.09.02).]
\scratchcounter=\count337
\scratchdimen=\dimen282
\scratchbox=\box69
\nofMPsegments=\count338
\nofMParguments=\count339
\everyMPshowfont=\toks39
\MPscratchCnt=\count340
\MPscratchDim=\dimen283
\MPnumerator=\count341
\makeMPintoPDFobject=\count342
\everyMPtoPDFconversion=\toks40
)
(/nix/store/g6g4qsl3igp0vjpfl3h10lw7034w68pa-texlive-2025-env-texmfdist/tex/lat
ex/epstopdf-pkg/epstopdf-base.sty
Package: epstopdf-base 2020-01-24 v2.11 Base part for package epstopdf
Package epstopdf-base Info: Redefining graphics rule for `.eps' on input line 4
85.

(/nix/store/g6g4qsl3igp0vjpfl3h10lw7034w68pa-texlive-2025-env-texmfdist/tex/lat
ex/latexconfig/epstopdf-sys.cfg
File: epstopdf-sys.cfg 2010/07/13 v1.3 Configuration of (r)epstopdf for TeX Liv
e
))
LaTeX Info: Redefining \microtypecontext on input line 20.
Package microtype Info: Applying patch `item' on input line 20.
Package microtype Info: Applying patch `toc' on input line 20.
Package microtype Info: Applying patch `eqnum' on input line 20.
Package microtype Info: Applying patch `footnote' on input line 20.
Package microtype Info: Applying patch `verbatim' on input line 20.
LaTeX Info: Redefining \microtypesetup on input line 20.
Package microtype Info: Generating PDF output.
Package microtype Info: Character protrusion enabled (level 2).
Package microtype Info: Using default protrusion set `alltext'.
Package microtype Info: Automatic font expansion enabled (level 2),
(microtype)             stretch: 20, shrink: 20, step: 1, non-selected.
Package microtype Info: Using default expansion set `alltext-nott'.


LaTeX Warning: Command \showhyphens   has changed.
               Check if current package is valid.

LaTeX Info: Redefining \showhyphens on input line 20.
Package microtype Info: No adjustment of tracking.
Package microtype Info: No adjustment of interword spacing.
Package microtype Info: No adjustment of character kerning.
Package microtype Info: Loading generic protrusion settings for font family
(microtype)             `cmss' (encoding: T1).
(microtype)             For optimal results, create family-specific settings.
(microtype)             See the microtype manual for details.
*geometry* driver: auto-detecting
*geometry* detected driver: pdftex
*geometry* verbose mode - [ preamble ] result:
* driver: pdftex
* paper: <default>
* layout: <same size as paper>
* layoutoffset:(h,v)=(0.0pt,0.0pt)
* modes: 
* h-part:(L,W,R)=(44.81126pt, 507.88533pt, 44.81128pt)
* v-part:(T,H,B)=(50.70074pt, 718.29497pt, 76.05113pt)
* \paperwidth=597.50787pt
* \paperheight=845.04684pt
* \textwidth=507.88533pt
* \textheight=718.29497pt
* \oddsidemargin=-27.45872pt
* \evensidemargin=-27.45872pt
* \topmargin=-58.56924pt
* \headheight=12.0pt
* \headsep=25.0pt
* \topskip=11.0pt
* \footskip=30.0pt
* \marginparwidth=50.0pt
* \marginparsep=10.0pt
* \columnsep=10.0pt
* \skip\footins=10.0pt plus 4.0pt minus 2.0pt
* \hoffset=0.0pt
* \voffset=0.0pt
* \mag=1000
* \@twocolumnfalse
* \@twosidefalse
* \@mparswitchfalse
* \@reversemarginfalse
* (1in=72.27pt=25.4mm, 1cm=28.453pt)

Package hyperref Info: Link coloring OFF on input line 20.
(./main.out) (./main.out)
\@outlinefile=\write6
\openout6 = `main.out'.

\makecvheaddetailsbox=\box70

(/nix/store/g6g4qsl3igp0vjpfl3h10lw7034w68pa-texlive-2025-env-texmfdist/tex/lat
ex/microtype/mt-cmr.cfg
File: mt-cmr.cfg 2013/05/19 v2.2 microtype config. file: Computer Modern Roman 
(RS)
)
LaTeX Font Info:    External font `cmex10' loaded for size
(Font)              <7> on input line 23.
LaTeX Font Info:    External font `cmex10' loaded for size
(Font)              <5> on input line 23.
LaTeX Font Info:    Trying to load font information for U+fontawesomefree2 on i
nput line 23.

(/nix/store/g6g4qsl3igp0vjpfl3h10lw7034w68pa-texlive-2025-env-texmfdist/tex/lat
ex/fontawesome5/ufontawesomefree2.fd)
LaTeX Font Info:    Trying to load font information for U+fontawesomefree1 on i
nput line 23.

(/nix/store/g6g4qsl3igp0vjpfl3h10lw7034w68pa-texlive-2025-env-texmfdist/tex/lat
ex/fontawesome5/ufontawesomefree1.fd)
\makecvheadpicturebox=\box71
\makecvheaddetailswidth=\skip107
\makecvheadpicturewidth=\skip108
\makecvheadnamebox=\box72


LaTeX Font Warning: Font shape `T1/cmss/m/n' in size <34> not available
(Font)              size <35.83> substituted on input line 23.

LaTeX Font Info:    External font `cmex10' loaded for size
(Font)              <10.95> on input line 26.
LaTeX Font Info:    External font `cmex10' loaded for size
(Font)              <8> on input line 26.
LaTeX Font Info:    External font `cmex10' loaded for size
(Font)              <6> on input line 26.
(./pres.bbl)

[1

{/nix/store/ii6fqn368dfqs9fvzars3ilicnc29xb8-texlive-2025-env/share/texmf-var/f
onts/map/pdftex/updmap/pdftex.map}{/nix/store/g6g4qsl3igp0vjpfl3h10lw7034w68pa-
texlive-2025-env-texmfdist/fonts/enc/dvips/cm-super/cm-super-t1.enc}{/nix/store
/g6g4qsl3igp0vjpfl3h10lw7034w68pa-texlive-2025-env-texmfdist/fonts/enc/dvips/fo
ntawesome5/fa5free2.enc}{/nix/store/g6g4qsl3igp0vjpfl3h10lw7034w68pa-texlive-20
25-env-texmfdist/fonts/enc/dvips/fontawesome5/fa5free1.enc}{/nix/store/g6g4qsl3
igp0vjpfl3h10lw7034w68pa-texlive-2025-env-texmfdist/fonts/enc/dvips/fontawesome
5/fa5free0.enc}]

[2] (./main.aux)
 ***********
LaTeX2e <2025-06-01> patch level 1
L3 programming layer <2025-06-09>
 ***********


LaTeX Font Warning: Size substitutions with differences
(Font)              up to 1.83pt have occurred.

Package rerunfilecheck Info: File `main.out' has not changed.
(rerunfilecheck)             Checksum: C7A4235F829B9462A91B094DAD1899CE;544.
 ) 
Here is how much of TeX's memory you used:
 26395 strings out of 467890
 517516 string characters out of 5410143
 939121 words of memory out of 5000000
 54441 multiletter control sequences out of 15000+600000
 646035 words of font info for 106 fonts, out of 8000000 for 9000
 1141 hyphenation exceptions out of 8191
 129i,13n,129p,1001b,503s stack positions out of 10000i,1000n,20000p,200000b,200000s
</nix/store/g6g4qsl3igp0vjpfl3h10lw7034w68pa-texlive-2025-env-texmfdist/fonts
/type1/public/fontawesome5/FontAwesome5Free-Regular.pfb></nix/store/g6g4qsl3igp
0vjpfl3h10lw7034w68pa-texlive-2025-env-texmfdist/fonts/type1/public/fontawesome
5/FontAwesome5Free-Solid.pfb></nix/store/g6g4qsl3igp0vjpfl3h10lw7034w68pa-texli
ve-2025-env-texmfdist/fonts/type1/public/amsfonts/cm/cmmi10.pfb></nix/store/g6g
4qsl3igp0vjpfl3h10lw7034w68pa-texlive-2025-env-texmfdist/fonts/type1/public/cm-
super/sfsi1000.pfb></nix/store/g6g4qsl3igp0vjpfl3h10lw7034w68pa-texlive-2025-en
v-texmfdist/fonts/type1/public/cm-super/sfsi1095.pfb></nix/store/g6g4qsl3igp0vj
pfl3h10lw7034w68pa-texlive-2025-env-texmfdist/fonts/type1/public/cm-super/sfsi1
728.pfb></nix/store/g6g4qsl3igp0vjpfl3h10lw7034w68pa-texlive-2025-env-texmfdist
/fonts/type1/public/cm-super/sfss1000.pfb></nix/store/g6g4qsl3igp0vjpfl3h10lw70
34w68pa-texlive-2025-env-texmfdist/fonts/type1/public/cm-super/sfss1095.pfb></n
ix/store/g6g4qsl3igp0vjpfl3h10lw7034w68pa-texlive-2025-env-texmfdist/fonts/type
1/public/cm-super/sfss1440.pfb></nix/store/g6g4qsl3igp0vjpfl3h10lw7034w68pa-tex
live-2025-env-texmfdist/fonts/type1/public/cm-super/sfss3583.pfb></nix/store/g6
g4qsl3igp0vjpfl3h10lw7034w68pa-texlive-2025-env-texmfdist/fonts/type1/public/cm
-super/sfsx1095.pfb></nix/store/g6g4qsl3igp0vjpfl3h10lw7034w68pa-texlive-2025-e
nv-texmfdist/fonts/type1/public/cm-super/sfsx1200.pfb>
Output written on main.pdf (2 pages, 167658 bytes).
PDF statistics:
 113 PDF objects out of 1000 (max. 8388607)
 83 compressed objects within 1 object stream
 9 named destinations out of 1000 (max. 500000)
 38965 words of extra memory for PDF output out of 42996 (max. 10000000)

